Using pre-set license
Built from '2020.3/staging' branch; Version is '2020.3.30f1 (1fb1bf06830e) revision 2077119'; Using compiler version '192528614'; Build Type 'Release'
OS: 'Windows 10  (10.0.19045) 64bit Core' Language: 'en' Physical Memory: 32617 MB
BatchMode: 1, IsHumanControllingUs: 0, StartBugReporterOnCrash: 0, Is64bit: 1, IsPro: 0

COMMAND LINE ARGUMENTS:
C:\Program Files\Unity\Hub\Editor\2020.3.30f1\Editor\Unity.exe
-adb2
-batchMode
-noUpm
-name
AssetImportWorker0
-projectPath
C:/Users/lulul/Documents/_Vault/Vtol Vr Modding/BCATMIG21/MIG_21/BCAT-MIG21
-logFile
Logs/AssetImportWorker0.log
-srvPort
59798
Successfully changed project path to: C:/Users/lulul/Documents/_Vault/Vtol Vr Modding/BCATMIG21/MIG_21/BCAT-MIG21
C:/Users/lulul/Documents/_Vault/Vtol Vr Modding/BCATMIG21/MIG_21/BCAT-MIG21
Using Asset Import Pipeline V2.
Refreshing native plugins compatible for Editor in 120.77 ms, found 7 plugins.
Preloading 0 native plugins for Editor in 0.00 ms.
Initialize engine version: 2020.3.30f1 (1fb1bf06830e)
[Subsystems] Discovering subsystems at path C:/Program Files/Unity/Hub/Editor/2020.3.30f1/Editor/Data/Resources/UnitySubsystems
[Subsystems] Discovering subsystems at path C:/Users/lulul/Documents/_Vault/Vtol Vr Modding/BCATMIG21/MIG_21/BCAT-MIG21/Assets
GfxDevice: creating device client; threaded=0
Direct3D:
    Version:  Direct3D 11.0 [level 11.1]
    Renderer: NVIDIA GeForce RTX 2060 (ID=0x1f11)
    Vendor:   
    VRAM:     5969 MB
    Driver:   31.0.15.4617
Shader 'Ethical Motion/Particles/Lit MultiLight': fallback shader 'Hidden/Ethical Motion/Particles/Lit Alpha Blend Shadow Fallback' not found
Shader 'Ethical Motion/Particles/Lit': fallback shader 'Hidden/Ethical Motion/Particles/Lit Alpha Blend Shadow Fallback' not found
Initialize mono
Mono path[0] = 'C:/Program Files/Unity/Hub/Editor/2020.3.30f1/Editor/Data/Managed'
Mono path[1] = 'C:/Program Files/Unity/Hub/Editor/2020.3.30f1/Editor/Data/MonoBleedingEdge/lib/mono/unityjit'
Mono config path = 'C:/Program Files/Unity/Hub/Editor/2020.3.30f1/Editor/Data/MonoBleedingEdge/etc'
Using monoOptions --debugger-agent=transport=dt_socket,embedding=1,server=y,suspend=n,address=127.0.0.1:56140
Begin MonoManager ReloadAssembly
Registering precompiled unity dll's ...
Register platform support module: C:/Program Files/Unity/Hub/Editor/2020.3.30f1/Editor/Data/PlaybackEngines/WindowsStandaloneSupport/UnityEditor.WindowsStandalone.Extensions.dll
Registered in 0.003831 seconds.
Native extension for WindowsStandalone target not found
Refreshing native plugins compatible for Editor in 99.21 ms, found 7 plugins.
Preloading 0 native plugins for Editor in 0.00 ms.
Mono: successfully reloaded assembly
- Completed reload, in  0.796 seconds
Domain Reload Profiling:
	ReloadAssembly (797ms)
		BeginReloadAssembly (92ms)
			ExecutionOrderSort (0ms)
			DisableScriptedObjects (0ms)
			BackupInstance (0ms)
			ReleaseScriptingObjects (0ms)
			CreateAndSetChildDomain (1ms)
		EndReloadAssembly (615ms)
			LoadAssemblies (87ms)
			RebuildTransferFunctionScriptingTraits (0ms)
			SetupTypeCache (212ms)
			ReleaseScriptCaches (0ms)
			RebuildScriptCaches (41ms)
			SetupLoadedEditorAssemblies (232ms)
				LogAssemblyErrors (0ms)
				InitializePlatformSupportModulesInManaged (5ms)
				SetLoadedEditorAssemblies (0ms)
				RefreshPlugins (99ms)
				BeforeProcessingInitializeOnLoad (9ms)
				ProcessInitializeOnLoadAttributes (87ms)
				ProcessInitializeOnLoadMethodAttributes (31ms)
				AfterProcessingInitializeOnLoad (0ms)
				EditorAssembliesLoaded (0ms)
			ExecutionOrderSort2 (0ms)
			AwakeInstancesAfterBackupRestoration (0ms)
Platform modules already initialized, skipping
Registering precompiled user dll's ...
Registered in 0.042352 seconds.
Begin MonoManager ReloadAssembly
Native extension for WindowsStandalone target not found
Refreshing native plugins compatible for Editor in 144.81 ms, found 7 plugins.
Preloading 0 native plugins for Editor in 0.00 ms.
Mono: successfully reloaded assembly
- Completed reload, in  4.828 seconds
Domain Reload Profiling:
	ReloadAssembly (4830ms)
		BeginReloadAssembly (434ms)
			ExecutionOrderSort (0ms)
			DisableScriptedObjects (7ms)
			BackupInstance (0ms)
			ReleaseScriptingObjects (0ms)
			CreateAndSetChildDomain (35ms)
		EndReloadAssembly (3910ms)
			LoadAssemblies (487ms)
			RebuildTransferFunctionScriptingTraits (0ms)
			SetupTypeCache (717ms)
			ReleaseScriptCaches (1ms)
			RebuildScriptCaches (167ms)
			SetupLoadedEditorAssemblies (1596ms)
				LogAssemblyErrors (0ms)
				InitializePlatformSupportModulesInManaged (4ms)
				SetLoadedEditorAssemblies (0ms)
				RefreshPlugins (145ms)
				BeforeProcessingInitializeOnLoad (324ms)
				ProcessInitializeOnLoadAttributes (768ms)
				ProcessInitializeOnLoadMethodAttributes (60ms)
				AfterProcessingInitializeOnLoad (294ms)
				EditorAssembliesLoaded (1ms)
			ExecutionOrderSort2 (0ms)
			AwakeInstancesAfterBackupRestoration (14ms)
Platform modules already initialized, skipping
========================================================================
Worker process is ready to serve import requests
Shader 'Ethical Motion/Particles/Lit MultiLight': fallback shader 'Hidden/Ethical Motion/Particles/Lit Alpha Blend Shadow Fallback' not found
Shader 'Ethical Motion/Particles/Lit': fallback shader 'Hidden/Ethical Motion/Particles/Lit Alpha Blend Shadow Fallback' not found
Launched and connected shader compiler UnityShaderCompiler.exe after 0.09 seconds
Refreshing native plugins compatible for Editor in 1.75 ms, found 7 plugins.
Preloading 0 native plugins for Editor in 0.00 ms.
Unloading 4559 Unused Serialized files (Serialized files now loaded: 0)
System memory in use before: 241.6 MB.
System memory in use after: 241.8 MB.

Unloading 69 unused Assets to reduce memory usage. Loaded Objects now: 5294.
Total: 5.638900 ms (FindLiveObjects: 0.425700 ms CreateObjectMapping: 0.336100 ms MarkObjects: 4.716800 ms  DeleteObjects: 0.159000 ms)

AssetImportParameters requested are different than current active one (requested -> active):
  custom:framework-win-MediaFoundation: 216162199b28c13a410421893ffa2e32 -> 
  custom:video-decoder-ogg-theora: a1e56fd34408186e4bbccfd4996cb3dc -> 
  custom:container-muxer-webm: aa71ff27fc2769a1b78a27578f13a17b -> 
  custom:container-demuxer-webm: 4f35f7cbe854078d1ac9338744f61a02 -> 
  custom:container-demuxer-ogg: 62fdf1f143b41e24485cea50d1cbac27 -> 
  custom:video-encoder-webm-vp8: eb34c28f22e8b96e1ab97ce403110664 -> 
  custom:video-codec-MediaFoundation-h265: e54d7ab0439102e2317fc1e4b246158d -> 
  custom:video-decoder-webm-vp8: 9c59270c3fd7afecdb556c50c9e8de78 -> 
  custom:audio-decoder-ogg-vorbis: bf7c407c2cedff20999df2af8eb42d56 -> 
  custom:audio-encoder-webm-vorbis: bf7c407c2cedff20999df2af8eb42d56 -> 
========================================================================
Received Import Request.
  path: Assets/PrefabInstance/MIG21.prefab
  artifactKey: Guid(b7d83c4fd181b144e9918af879d38b90) Importer(815301076,1909f56bfc062723c751e8b465ee728b)
Start importing Assets/PrefabInstance/MIG21.prefab using Guid(b7d83c4fd181b144e9918af879d38b90) Importer(815301076,1909f56bfc062723c751e8b465ee728b)  -> (artifact id: '7e1b2621acf2b48d9d22dc58b9819f4e') in 2.775747 seconds 
========================================================================
Received Import Request.
  Time since last request: 218.593472 seconds.
  path: Assets/PrefabInstance/NBDA/frenchmissiles/Resources/hpequips/mig21/mig21_droptank.prefab
  artifactKey: Guid(94706fa98cb53894faa716851b3b9fe8) Importer(815301076,1909f56bfc062723c751e8b465ee728b)
Start importing Assets/PrefabInstance/NBDA/frenchmissiles/Resources/hpequips/mig21/mig21_droptank.prefab using Guid(94706fa98cb53894faa716851b3b9fe8) Importer(815301076,1909f56bfc062723c751e8b465ee728b)  -> (artifact id: 'eeabb7398030d4cfb0a919a65c51f80c') in 0.160590 seconds 
========================================================================
Received Import Request.
  Time since last request: 2.794675 seconds.
  path: Assets/PrefabInstance/NBDA/frenchmissiles/Resources/hpequips/mig21/mig21_droptank.prefab
  artifactKey: Guid(94706fa98cb53894faa716851b3b9fe8) Importer(815301076,1909f56bfc062723c751e8b465ee728b)
Start importing Assets/PrefabInstance/NBDA/frenchmissiles/Resources/hpequips/mig21/mig21_droptank.prefab using Guid(94706fa98cb53894faa716851b3b9fe8) Importer(815301076,1909f56bfc062723c751e8b465ee728b)  -> (artifact id: '27dfd2e776d3d416ccb18bf2d0ebc0a8') in 0.016547 seconds 
========================================================================
Received Import Request.
  Time since last request: 372.939298 seconds.
  path: Assets/PrefabInstance/MIG21.prefab
  artifactKey: Guid(b7d83c4fd181b144e9918af879d38b90) Importer(815301076,1909f56bfc062723c751e8b465ee728b)
Start importing Assets/PrefabInstance/MIG21.prefab using Guid(b7d83c4fd181b144e9918af879d38b90) Importer(815301076,1909f56bfc062723c751e8b465ee728b)  -> (artifact id: 'fb41b5860f4ae6ec510ec1aa2074569c') in 2.291409 seconds 
========================================================================
Received Import Request.
  Time since last request: 241.172679 seconds.
  path: Assets/PrefabInstance/MIG21.prefab
  artifactKey: Guid(b7d83c4fd181b144e9918af879d38b90) Importer(815301076,1909f56bfc062723c751e8b465ee728b)
Start importing Assets/PrefabInstance/MIG21.prefab using Guid(b7d83c4fd181b144e9918af879d38b90) Importer(815301076,1909f56bfc062723c751e8b465ee728b)  -> (artifact id: '2383bcadb89828251d815cd27486ccbb') in 2.087966 seconds 
========================================================================
Received Prepare
Shader 'Ethical Motion/Particles/Lit MultiLight': fallback shader 'Hidden/Ethical Motion/Particles/Lit Alpha Blend Shadow Fallback' not found
Shader 'Ethical Motion/Particles/Lit': fallback shader 'Hidden/Ethical Motion/Particles/Lit Alpha Blend Shadow Fallback' not found
Refreshing native plugins compatible for Editor in 28.06 ms, found 7 plugins.
Preloading 0 native plugins for Editor in 0.00 ms.
Unloading 58 Unused Serialized files (Serialized files now loaded: 0)
System memory in use before: 195.1 MB.
System memory in use after: 195.3 MB.

Unloading 65 unused Assets to reduce memory usage. Loaded Objects now: 5309.
Total: 6.144200 ms (FindLiveObjects: 0.395200 ms CreateObjectMapping: 0.232000 ms MarkObjects: 5.388100 ms  DeleteObjects: 0.127900 ms)

AssetImportParameters requested are different than current active one (requested -> active):
  custom:framework-win-MediaFoundation: 216162199b28c13a410421893ffa2e32 -> 
  custom:video-decoder-ogg-theora: a1e56fd34408186e4bbccfd4996cb3dc -> 
  custom:container-muxer-webm: aa71ff27fc2769a1b78a27578f13a17b -> 
  custom:container-demuxer-webm: 4f35f7cbe854078d1ac9338744f61a02 -> 
  custom:container-demuxer-ogg: 62fdf1f143b41e24485cea50d1cbac27 -> 
  custom:video-encoder-webm-vp8: eb34c28f22e8b96e1ab97ce403110664 -> 
  custom:video-codec-MediaFoundation-h265: e54d7ab0439102e2317fc1e4b246158d -> 
  custom:video-decoder-webm-vp8: 9c59270c3fd7afecdb556c50c9e8de78 -> 
  custom:audio-decoder-ogg-vorbis: bf7c407c2cedff20999df2af8eb42d56 -> 
  custom:audio-encoder-webm-vorbis: bf7c407c2cedff20999df2af8eb42d56 -> 
========================================================================
Received Import Request.
  Time since last request: 1542.101824 seconds.
  path: Assets/PrefabInstance/MIG21.prefab
  artifactKey: Guid(b7d83c4fd181b144e9918af879d38b90) Importer(815301076,1909f56bfc062723c751e8b465ee728b)
Start importing Assets/PrefabInstance/MIG21.prefab using Guid(b7d83c4fd181b144e9918af879d38b90) Importer(815301076,1909f56bfc062723c751e8b465ee728b)  -> (artifact id: 'b465928a0e175100dd2a3b7a3206393a') in 2.427466 seconds 
========================================================================
Received Import Request.
  Time since last request: 457.933468 seconds.
  path: Assets/PrefabInstance/MIG21.prefab
  artifactKey: Guid(b7d83c4fd181b144e9918af879d38b90) Importer(815301076,1909f56bfc062723c751e8b465ee728b)
Start importing Assets/PrefabInstance/MIG21.prefab using Guid(b7d83c4fd181b144e9918af879d38b90) Importer(815301076,1909f56bfc062723c751e8b465ee728b)  -> (artifact id: 'e3965511c5e54758d06817475df8c9ef') in 2.078807 seconds 
========================================================================
Received Prepare
Registering precompiled user dll's ...
Registered in 0.041829 seconds.
Begin MonoManager ReloadAssembly
Native extension for WindowsStandalone target not found
Refreshing native plugins compatible for Editor in 1.17 ms, found 7 plugins.
Preloading 0 native plugins for Editor in 0.00 ms.
Mono: successfully reloaded assembly
- Completed reload, in  1.641 seconds
Domain Reload Profiling:
	ReloadAssembly (1642ms)
		BeginReloadAssembly (315ms)
			ExecutionOrderSort (0ms)
			DisableScriptedObjects (17ms)
			BackupInstance (0ms)
			ReleaseScriptingObjects (0ms)
			CreateAndSetChildDomain (164ms)
		EndReloadAssembly (1233ms)
			LoadAssemblies (173ms)
			RebuildTransferFunctionScriptingTraits (0ms)
			SetupTypeCache (527ms)
			ReleaseScriptCaches (1ms)
			RebuildScriptCaches (49ms)
			SetupLoadedEditorAssemblies (373ms)
				LogAssemblyErrors (0ms)
				InitializePlatformSupportModulesInManaged (5ms)
				SetLoadedEditorAssemblies (1ms)
				RefreshPlugins (1ms)
				BeforeProcessingInitializeOnLoad (80ms)
				ProcessInitializeOnLoadAttributes (258ms)
				ProcessInitializeOnLoadMethodAttributes (14ms)
				AfterProcessingInitializeOnLoad (14ms)
				EditorAssembliesLoaded (0ms)
			ExecutionOrderSort2 (0ms)
			AwakeInstancesAfterBackupRestoration (7ms)
Platform modules already initialized, skipping
Shader 'Ethical Motion/Particles/Lit MultiLight': fallback shader 'Hidden/Ethical Motion/Particles/Lit Alpha Blend Shadow Fallback' not found
Shader 'Ethical Motion/Particles/Lit': fallback shader 'Hidden/Ethical Motion/Particles/Lit Alpha Blend Shadow Fallback' not found
Refreshing native plugins compatible for Editor in 1.17 ms, found 7 plugins.
Preloading 0 native plugins for Editor in 0.00 ms.
Unloading 4507 Unused Serialized files (Serialized files now loaded: 0)
System memory in use before: 268.7 MB.
System memory in use after: 268.9 MB.

Unloading 69 unused Assets to reduce memory usage. Loaded Objects now: 5312.
Total: 3.868000 ms (FindLiveObjects: 0.360000 ms CreateObjectMapping: 0.400600 ms MarkObjects: 2.973400 ms  DeleteObjects: 0.132800 ms)

AssetImportParameters requested are different than current active one (requested -> active):
  custom:framework-win-MediaFoundation: 216162199b28c13a410421893ffa2e32 -> 
  custom:video-decoder-ogg-theora: a1e56fd34408186e4bbccfd4996cb3dc -> 
  custom:container-muxer-webm: aa71ff27fc2769a1b78a27578f13a17b -> 
  custom:container-demuxer-webm: 4f35f7cbe854078d1ac9338744f61a02 -> 
  custom:container-demuxer-ogg: 62fdf1f143b41e24485cea50d1cbac27 -> 
  custom:video-encoder-webm-vp8: eb34c28f22e8b96e1ab97ce403110664 -> 
  custom:video-codec-MediaFoundation-h265: e54d7ab0439102e2317fc1e4b246158d -> 
  custom:video-decoder-webm-vp8: 9c59270c3fd7afecdb556c50c9e8de78 -> 
  custom:audio-decoder-ogg-vorbis: bf7c407c2cedff20999df2af8eb42d56 -> 
  custom:audio-encoder-webm-vorbis: bf7c407c2cedff20999df2af8eb42d56 -> 
========================================================================
Received Import Request.
  Time since last request: 206.926860 seconds.
  path: Assets/PrefabInstance/MIG21.prefab
  artifactKey: Guid(b7d83c4fd181b144e9918af879d38b90) Importer(815301076,1909f56bfc062723c751e8b465ee728b)
Start importing Assets/PrefabInstance/MIG21.prefab using Guid(b7d83c4fd181b144e9918af879d38b90) Importer(815301076,1909f56bfc062723c751e8b465ee728b)  -> (artifact id: '2f2e0c67f4e2ba48cae63ae688e03ee0') in 2.520105 seconds 
========================================================================
Received Prepare
Shader 'Ethical Motion/Particles/Lit MultiLight': fallback shader 'Hidden/Ethical Motion/Particles/Lit Alpha Blend Shadow Fallback' not found
Shader 'Ethical Motion/Particles/Lit': fallback shader 'Hidden/Ethical Motion/Particles/Lit Alpha Blend Shadow Fallback' not found
Refreshing native plugins compatible for Editor in 32.23 ms, found 7 plugins.
Preloading 0 native plugins for Editor in 0.00 ms.
Unloading 58 Unused Serialized files (Serialized files now loaded: 0)
System memory in use before: 197.6 MB.
System memory in use after: 197.8 MB.

Unloading 65 unused Assets to reduce memory usage. Loaded Objects now: 5313.
Total: 6.132700 ms (FindLiveObjects: 0.679600 ms CreateObjectMapping: 0.427600 ms MarkObjects: 4.900300 ms  DeleteObjects: 0.123500 ms)

AssetImportParameters requested are different than current active one (requested -> active):
  custom:framework-win-MediaFoundation: 216162199b28c13a410421893ffa2e32 -> 
  custom:video-decoder-ogg-theora: a1e56fd34408186e4bbccfd4996cb3dc -> 
  custom:container-muxer-webm: aa71ff27fc2769a1b78a27578f13a17b -> 
  custom:container-demuxer-webm: 4f35f7cbe854078d1ac9338744f61a02 -> 
  custom:container-demuxer-ogg: 62fdf1f143b41e24485cea50d1cbac27 -> 
  custom:video-encoder-webm-vp8: eb34c28f22e8b96e1ab97ce403110664 -> 
  custom:video-codec-MediaFoundation-h265: e54d7ab0439102e2317fc1e4b246158d -> 
  custom:video-decoder-webm-vp8: 9c59270c3fd7afecdb556c50c9e8de78 -> 
  custom:audio-decoder-ogg-vorbis: bf7c407c2cedff20999df2af8eb42d56 -> 
  custom:audio-encoder-webm-vorbis: bf7c407c2cedff20999df2af8eb42d56 -> 
========================================================================
Received Import Request.
  Time since last request: 452.556203 seconds.
  path: Assets/PrefabInstance/MIG21.prefab
  artifactKey: Guid(b7d83c4fd181b144e9918af879d38b90) Importer(815301076,1909f56bfc062723c751e8b465ee728b)
Start importing Assets/PrefabInstance/MIG21.prefab using Guid(b7d83c4fd181b144e9918af879d38b90) Importer(815301076,1909f56bfc062723c751e8b465ee728b)  -> (artifact id: '94d0a059e604e5d3befce7bc8c211573') in 2.392940 seconds 
========================================================================
Received Import Request.
  Time since last request: 543.598732 seconds.
  path: Assets/PrefabInstance/MIG21.prefab
  artifactKey: Guid(b7d83c4fd181b144e9918af879d38b90) Importer(815301076,1909f56bfc062723c751e8b465ee728b)
Start importing Assets/PrefabInstance/MIG21.prefab using Guid(b7d83c4fd181b144e9918af879d38b90) Importer(815301076,1909f56bfc062723c751e8b465ee728b)  -> (artifact id: 'b9308764b97b46e1f8aadb361a13da0c') in 2.060169 seconds 
========================================================================
Received Prepare
Shader 'Ethical Motion/Particles/Lit MultiLight': fallback shader 'Hidden/Ethical Motion/Particles/Lit Alpha Blend Shadow Fallback' not found
Shader 'Ethical Motion/Particles/Lit': fallback shader 'Hidden/Ethical Motion/Particles/Lit Alpha Blend Shadow Fallback' not found
Refreshing native plugins compatible for Editor in 26.07 ms, found 7 plugins.
Preloading 0 native plugins for Editor in 0.00 ms.
Unloading 58 Unused Serialized files (Serialized files now loaded: 0)
System memory in use before: 203.2 MB.
System memory in use after: 203.4 MB.

Unloading 65 unused Assets to reduce memory usage. Loaded Objects now: 5313.
Total: 6.319600 ms (FindLiveObjects: 0.403500 ms CreateObjectMapping: 0.321600 ms MarkObjects: 5.451200 ms  DeleteObjects: 0.142100 ms)

AssetImportParameters requested are different than current active one (requested -> active):
  custom:framework-win-MediaFoundation: 216162199b28c13a410421893ffa2e32 -> 
  custom:video-decoder-ogg-theora: a1e56fd34408186e4bbccfd4996cb3dc -> 
  custom:container-muxer-webm: aa71ff27fc2769a1b78a27578f13a17b -> 
  custom:container-demuxer-webm: 4f35f7cbe854078d1ac9338744f61a02 -> 
  custom:container-demuxer-ogg: 62fdf1f143b41e24485cea50d1cbac27 -> 
  custom:video-encoder-webm-vp8: eb34c28f22e8b96e1ab97ce403110664 -> 
  custom:video-codec-MediaFoundation-h265: e54d7ab0439102e2317fc1e4b246158d -> 
  custom:video-decoder-webm-vp8: 9c59270c3fd7afecdb556c50c9e8de78 -> 
  custom:audio-decoder-ogg-vorbis: bf7c407c2cedff20999df2af8eb42d56 -> 
  custom:audio-encoder-webm-vorbis: bf7c407c2cedff20999df2af8eb42d56 -> 
========================================================================
Received Import Request.
  Time since last request: 667.923010 seconds.
  path: Assets/PrefabInstance/MIG21.prefab
  artifactKey: Guid(b7d83c4fd181b144e9918af879d38b90) Importer(815301076,1909f56bfc062723c751e8b465ee728b)
Start importing Assets/PrefabInstance/MIG21.prefab using Guid(b7d83c4fd181b144e9918af879d38b90) Importer(815301076,1909f56bfc062723c751e8b465ee728b)  -> (artifact id: 'c9b69167d143ed4a367fe0ee7ce92314') in 2.011730 seconds 
========================================================================
Received Prepare
Shader 'Ethical Motion/Particles/Lit MultiLight': fallback shader 'Hidden/Ethical Motion/Particles/Lit Alpha Blend Shadow Fallback' not found
Shader 'Ethical Motion/Particles/Lit': fallback shader 'Hidden/Ethical Motion/Particles/Lit Alpha Blend Shadow Fallback' not found
Refreshing native plugins compatible for Editor in 26.89 ms, found 7 plugins.
Preloading 0 native plugins for Editor in 0.00 ms.
Unloading 58 Unused Serialized files (Serialized files now loaded: 0)
System memory in use before: 204.4 MB.
System memory in use after: 204.6 MB.

Unloading 65 unused Assets to reduce memory usage. Loaded Objects now: 5313.
Total: 6.445000 ms (FindLiveObjects: 0.434500 ms CreateObjectMapping: 0.364800 ms MarkObjects: 5.496700 ms  DeleteObjects: 0.147800 ms)

AssetImportParameters requested are different than current active one (requested -> active):
  custom:framework-win-MediaFoundation: 216162199b28c13a410421893ffa2e32 -> 
  custom:video-decoder-ogg-theora: a1e56fd34408186e4bbccfd4996cb3dc -> 
  custom:container-muxer-webm: aa71ff27fc2769a1b78a27578f13a17b -> 
  custom:container-demuxer-webm: 4f35f7cbe854078d1ac9338744f61a02 -> 
  custom:container-demuxer-ogg: 62fdf1f143b41e24485cea50d1cbac27 -> 
  custom:video-encoder-webm-vp8: eb34c28f22e8b96e1ab97ce403110664 -> 
  custom:video-codec-MediaFoundation-h265: e54d7ab0439102e2317fc1e4b246158d -> 
  custom:video-decoder-webm-vp8: 9c59270c3fd7afecdb556c50c9e8de78 -> 
  custom:audio-decoder-ogg-vorbis: bf7c407c2cedff20999df2af8eb42d56 -> 
  custom:audio-encoder-webm-vorbis: bf7c407c2cedff20999df2af8eb42d56 -> 
========================================================================
Received Prepare
Shader 'Ethical Motion/Particles/Lit MultiLight': fallback shader 'Hidden/Ethical Motion/Particles/Lit Alpha Blend Shadow Fallback' not found
Shader 'Ethical Motion/Particles/Lit': fallback shader 'Hidden/Ethical Motion/Particles/Lit Alpha Blend Shadow Fallback' not found
Refreshing native plugins compatible for Editor in 50.93 ms, found 7 plugins.
Preloading 0 native plugins for Editor in 0.00 ms.
Unloading 58 Unused Serialized files (Serialized files now loaded: 0)
System memory in use before: 204.5 MB.
System memory in use after: 204.8 MB.

Unloading 58 unused Assets to reduce memory usage. Loaded Objects now: 5313.
Total: 63.064900 ms (FindLiveObjects: 1.208700 ms CreateObjectMapping: 2.782500 ms MarkObjects: 58.728800 ms  DeleteObjects: 0.343400 ms)

AssetImportParameters requested are different than current active one (requested -> active):
  custom:framework-win-MediaFoundation: 216162199b28c13a410421893ffa2e32 -> 
  custom:video-decoder-ogg-theora: a1e56fd34408186e4bbccfd4996cb3dc -> 
  custom:container-muxer-webm: aa71ff27fc2769a1b78a27578f13a17b -> 
  custom:container-demuxer-webm: 4f35f7cbe854078d1ac9338744f61a02 -> 
  custom:container-demuxer-ogg: 62fdf1f143b41e24485cea50d1cbac27 -> 
  custom:video-encoder-webm-vp8: eb34c28f22e8b96e1ab97ce403110664 -> 
  custom:video-codec-MediaFoundation-h265: e54d7ab0439102e2317fc1e4b246158d -> 
  custom:video-decoder-webm-vp8: 9c59270c3fd7afecdb556c50c9e8de78 -> 
  custom:audio-decoder-ogg-vorbis: bf7c407c2cedff20999df2af8eb42d56 -> 
  custom:audio-encoder-webm-vorbis: bf7c407c2cedff20999df2af8eb42d56 -> 
========================================================================
Received Import Request.
  Time since last request: 11584.878418 seconds.
  path: Assets/PrefabInstance/MIG21.prefab
  artifactKey: Guid(b7d83c4fd181b144e9918af879d38b90) Importer(815301076,1909f56bfc062723c751e8b465ee728b)
Start importing Assets/PrefabInstance/MIG21.prefab using Guid(b7d83c4fd181b144e9918af879d38b90) Importer(815301076,1909f56bfc062723c751e8b465ee728b)  -> (artifact id: 'd68d3e06905b911d4be9e4e51efff5a7') in 4.237139 seconds 
========================================================================
Received Prepare
Shader 'Ethical Motion/Particles/Lit MultiLight': fallback shader 'Hidden/Ethical Motion/Particles/Lit Alpha Blend Shadow Fallback' not found
Shader 'Ethical Motion/Particles/Lit': fallback shader 'Hidden/Ethical Motion/Particles/Lit Alpha Blend Shadow Fallback' not found
Refreshing native plugins compatible for Editor in 28.80 ms, found 7 plugins.
Preloading 0 native plugins for Editor in 0.00 ms.
Unloading 58 Unused Serialized files (Serialized files now loaded: 0)
System memory in use before: 206.4 MB.
System memory in use after: 206.6 MB.

Unloading 65 unused Assets to reduce memory usage. Loaded Objects now: 5313.
Total: 23.517700 ms (FindLiveObjects: 0.440900 ms CreateObjectMapping: 0.346300 ms MarkObjects: 22.609900 ms  DeleteObjects: 0.119700 ms)

AssetImportParameters requested are different than current active one (requested -> active):
  custom:framework-win-MediaFoundation: 216162199b28c13a410421893ffa2e32 -> 
  custom:video-decoder-ogg-theora: a1e56fd34408186e4bbccfd4996cb3dc -> 
  custom:container-muxer-webm: aa71ff27fc2769a1b78a27578f13a17b -> 
  custom:container-demuxer-webm: 4f35f7cbe854078d1ac9338744f61a02 -> 
  custom:container-demuxer-ogg: 62fdf1f143b41e24485cea50d1cbac27 -> 
  custom:video-encoder-webm-vp8: eb34c28f22e8b96e1ab97ce403110664 -> 
  custom:video-codec-MediaFoundation-h265: e54d7ab0439102e2317fc1e4b246158d -> 
  custom:video-decoder-webm-vp8: 9c59270c3fd7afecdb556c50c9e8de78 -> 
  custom:audio-decoder-ogg-vorbis: bf7c407c2cedff20999df2af8eb42d56 -> 
  custom:audio-encoder-webm-vorbis: bf7c407c2cedff20999df2af8eb42d56 -> 
========================================================================
Received Import Request.
  Time since last request: 1779.705660 seconds.
  path: Assets/PrefabInstance/MIG21.prefab
  artifactKey: Guid(b7d83c4fd181b144e9918af879d38b90) Importer(815301076,1909f56bfc062723c751e8b465ee728b)
Start importing Assets/PrefabInstance/MIG21.prefab using Guid(b7d83c4fd181b144e9918af879d38b90) Importer(815301076,1909f56bfc062723c751e8b465ee728b)  -> (artifact id: 'becd5b64c23bc30db55a86bf231cc31e') in 3.094773 seconds 
========================================================================
Received Import Request.
  Time since last request: 322.148871 seconds.
  path: Assets/PrefabInstance/MIG21.prefab
  artifactKey: Guid(b7d83c4fd181b144e9918af879d38b90) Importer(815301076,1909f56bfc062723c751e8b465ee728b)
Start importing Assets/PrefabInstance/MIG21.prefab using Guid(b7d83c4fd181b144e9918af879d38b90) Importer(815301076,1909f56bfc062723c751e8b465ee728b)  -> (artifact id: 'c365b8d606bb94bc73b8f6bbcb4e2a50') in 2.087108 seconds 
========================================================================
Received Import Request.
  Time since last request: 26.348125 seconds.
  path: Assets/Material/mat_smokeAdditive.mat
  artifactKey: Guid(3e46371ba27c91a44a8e3ab2ca263333) Importer(815301076,1909f56bfc062723c751e8b465ee728b)
Start importing Assets/Material/mat_smokeAdditive.mat using Guid(3e46371ba27c91a44a8e3ab2ca263333) Importer(815301076,1909f56bfc062723c751e8b465ee728b)  -> (artifact id: '3c93f6ad6cecaf30cd659d9827c6ad0a') in 0.640779 seconds 
========================================================================
Received Import Request.
  Time since last request: 0.000401 seconds.
  path: Assets/Material/mat_vehEquipper.mat
  artifactKey: Guid(a1d1d7f4ce01ac94baaf276ad719267a) Importer(815301076,1909f56bfc062723c751e8b465ee728b)
Start importing Assets/Material/mat_vehEquipper.mat using Guid(a1d1d7f4ce01ac94baaf276ad719267a) Importer(815301076,1909f56bfc062723c751e8b465ee728b)  -> (artifact id: 'fe02a2d154fa6bdbe1e5acc2031b50e9') in 0.143302 seconds 
========================================================================
Received Import Request.
  Time since last request: 97.706875 seconds.
  path: Assets/PrefabInstance/mpatexttest/Map.asset
  artifactKey: Guid(3b03aa5abbf745244b7aef51001a8316) Importer(815301076,1909f56bfc062723c751e8b465ee728b)
Start importing Assets/PrefabInstance/mpatexttest/Map.asset using Guid(3b03aa5abbf745244b7aef51001a8316) Importer(815301076,1909f56bfc062723c751e8b465ee728b)  -> (artifact id: '85ac7e98f70ffeaef32b11145c8a2e95') in 0.163086 seconds 
========================================================================
Received Import Request.
  Time since last request: 0.000373 seconds.
  path: Assets/Resources/Campaigns/fa26bfreeflight/free flight/image.png
  artifactKey: Guid(f624baf34452eec4f9a8136c04cc779e) Importer(815301076,1909f56bfc062723c751e8b465ee728b)
Start importing Assets/Resources/Campaigns/fa26bfreeflight/free flight/image.png using Guid(f624baf34452eec4f9a8136c04cc779e) Importer(815301076,1909f56bfc062723c751e8b465ee728b)  -> (artifact id: '3e38abc3115f9bec3e9f54ec20c42697') in 0.115066 seconds 
========================================================================
Received Import Request.
  Time since last request: 0.000301 seconds.
  path: Assets/Texture2D/greenScale2.png
  artifactKey: Guid(1a3784127c8815a42ab4f4d4b68b8d5c) Importer(815301076,1909f56bfc062723c751e8b465ee728b)
Start importing Assets/Texture2D/greenScale2.png using Guid(1a3784127c8815a42ab4f4d4b68b8d5c) Importer(815301076,1909f56bfc062723c751e8b465ee728b)  -> (artifact id: '4932e70185addbd9892f7a813d074721') in 0.012356 seconds 
========================================================================
Received Import Request.
  Time since last request: 4.274303 seconds.
  path: Assets/Resources/Campaigns/fa26bfreeflight/e_coastbay/height2.png
  artifactKey: Guid(2b99b022f3e3f9344bb9fa0054f758b2) Importer(815301076,1909f56bfc062723c751e8b465ee728b)
Start importing Assets/Resources/Campaigns/fa26bfreeflight/e_coastbay/height2.png using Guid(2b99b022f3e3f9344bb9fa0054f758b2) Importer(815301076,1909f56bfc062723c751e8b465ee728b)  -> (artifact id: 'fba2d87bd6de953f0156b67898f3fad4') in 0.022172 seconds 
========================================================================
Received Import Request.
  Time since last request: 0.000365 seconds.
  path: Assets/Resources/Campaigns/fa26bfreeflight/fa26refuel/example/fa26andTanker.png
  artifactKey: Guid(348e1029f90ff6a479d4a6f42967e50e) Importer(815301076,1909f56bfc062723c751e8b465ee728b)
Start importing Assets/Resources/Campaigns/fa26bfreeflight/fa26refuel/example/fa26andTanker.png using Guid(348e1029f90ff6a479d4a6f42967e50e) Importer(815301076,1909f56bfc062723c751e8b465ee728b)  -> (artifact id: '966000ba5c534e39c3a43da6eddd00e7') in 0.012022 seconds 
========================================================================
Received Import Request.
  Time since last request: 0.000369 seconds.
  path: Assets/Resources/Campaigns/fa26bfreeflight/e_coastbay/height3.png
  artifactKey: Guid(4df07ace8ba03954889698ff2b2cb2d0) Importer(815301076,1909f56bfc062723c751e8b465ee728b)
Start importing Assets/Resources/Campaigns/fa26bfreeflight/e_coastbay/height3.png using Guid(4df07ace8ba03954889698ff2b2cb2d0) Importer(815301076,1909f56bfc062723c751e8b465ee728b)  -> (artifact id: '8e4f74d269f7843a82cbf79c407b061e') in 0.014747 seconds 
========================================================================
Received Import Request.
  Time since last request: 13.027304 seconds.
  path: Assets/Resources/Campaigns/fa26bfreeflight/2v2dogfight/image.png
  artifactKey: Guid(6f6088d935cb5dd489456526cc675c1e) Importer(815301076,1909f56bfc062723c751e8b465ee728b)
Start importing Assets/Resources/Campaigns/fa26bfreeflight/2v2dogfight/image.png using Guid(6f6088d935cb5dd489456526cc675c1e) Importer(815301076,1909f56bfc062723c751e8b465ee728b)  -> (artifact id: '2fe53e90464a8f8fa46b9ff628bd18d4') in 0.012351 seconds 
========================================================================
Received Import Request.
  Time since last request: 0.000485 seconds.
  path: Assets/Resources/Campaigns/fa26bfreeflight/carrierlandingpractice/image.png
  artifactKey: Guid(0d1d353b960852648bf9090c9039ff12) Importer(815301076,1909f56bfc062723c751e8b465ee728b)
Start importing Assets/Resources/Campaigns/fa26bfreeflight/carrierlandingpractice/image.png using Guid(0d1d353b960852648bf9090c9039ff12) Importer(815301076,1909f56bfc062723c751e8b465ee728b)  -> (artifact id: 'ffef2848d0e4cf1899657a4e31c76dad') in 0.012128 seconds 
========================================================================
Received Import Request.
  Time since last request: 0.000357 seconds.
  path: Assets/Resources/Campaigns/fa26bfreeflight/26b_targetpractice2/image.png
  artifactKey: Guid(a00c431d1b02ea84c8407fefe0a7adde) Importer(815301076,1909f56bfc062723c751e8b465ee728b)
Start importing Assets/Resources/Campaigns/fa26bfreeflight/26b_targetpractice2/image.png using Guid(a00c431d1b02ea84c8407fefe0a7adde) Importer(815301076,1909f56bfc062723c751e8b465ee728b)  -> (artifact id: 'e7cf85144c5cf64674898aa491c448b8') in 0.013012 seconds 
========================================================================
Received Import Request.
  Time since last request: 7.251262 seconds.
  path: Assets/Resources/Campaigns/fa26bfreeflight/fa26refuel/image.png
  artifactKey: Guid(a2397ceabaee2cb4abac8c10119f75b0) Importer(815301076,1909f56bfc062723c751e8b465ee728b)
Start importing Assets/Resources/Campaigns/fa26bfreeflight/fa26refuel/image.png using Guid(a2397ceabaee2cb4abac8c10119f75b0) Importer(815301076,1909f56bfc062723c751e8b465ee728b)  -> (artifact id: '7cb6008aa97cb164d3f6be2845325646') in 0.012471 seconds 
========================================================================
Received Prepare
Shader 'Ethical Motion/Particles/Lit MultiLight': fallback shader 'Hidden/Ethical Motion/Particles/Lit Alpha Blend Shadow Fallback' not found
Shader 'Ethical Motion/Particles/Lit': fallback shader 'Hidden/Ethical Motion/Particles/Lit Alpha Blend Shadow Fallback' not found
Refreshing native plugins compatible for Editor in 32.95 ms, found 7 plugins.
Preloading 0 native plugins for Editor in 0.00 ms.
Unloading 58 Unused Serialized files (Serialized files now loaded: 0)
System memory in use before: 210.1 MB.
System memory in use after: 210.4 MB.

Unloading 65 unused Assets to reduce memory usage. Loaded Objects now: 5349.
Total: 6.936100 ms (FindLiveObjects: 0.431200 ms CreateObjectMapping: 0.341300 ms MarkObjects: 6.027500 ms  DeleteObjects: 0.135200 ms)

AssetImportParameters requested are different than current active one (requested -> active):
  custom:framework-win-MediaFoundation: 216162199b28c13a410421893ffa2e32 -> 
  custom:video-decoder-ogg-theora: a1e56fd34408186e4bbccfd4996cb3dc -> 
  custom:container-muxer-webm: aa71ff27fc2769a1b78a27578f13a17b -> 
  custom:container-demuxer-webm: 4f35f7cbe854078d1ac9338744f61a02 -> 
  custom:container-demuxer-ogg: 62fdf1f143b41e24485cea50d1cbac27 -> 
  custom:video-encoder-webm-vp8: eb34c28f22e8b96e1ab97ce403110664 -> 
  custom:video-codec-MediaFoundation-h265: e54d7ab0439102e2317fc1e4b246158d -> 
  custom:video-decoder-webm-vp8: 9c59270c3fd7afecdb556c50c9e8de78 -> 
  custom:audio-decoder-ogg-vorbis: bf7c407c2cedff20999df2af8eb42d56 -> 
  custom:audio-encoder-webm-vorbis: bf7c407c2cedff20999df2af8eb42d56 -> 
========================================================================
Received Import Request.
  Time since last request: 810.230959 seconds.
  path: Assets/PrefabInstance/MIG21.prefab
  artifactKey: Guid(b7d83c4fd181b144e9918af879d38b90) Importer(815301076,1909f56bfc062723c751e8b465ee728b)
Start importing Assets/PrefabInstance/MIG21.prefab using Guid(b7d83c4fd181b144e9918af879d38b90) Importer(815301076,1909f56bfc062723c751e8b465ee728b)  -> (artifact id: '148a2c272e5edd07747a488643315bb5') in 2.300819 seconds 
========================================================================
Received Prepare
Shader 'Ethical Motion/Particles/Lit MultiLight': fallback shader 'Hidden/Ethical Motion/Particles/Lit Alpha Blend Shadow Fallback' not found
Shader 'Ethical Motion/Particles/Lit': fallback shader 'Hidden/Ethical Motion/Particles/Lit Alpha Blend Shadow Fallback' not found
Refreshing native plugins compatible for Editor in 29.76 ms, found 7 plugins.
Preloading 0 native plugins for Editor in 0.00 ms.
Unloading 58 Unused Serialized files (Serialized files now loaded: 0)
System memory in use before: 211.4 MB.
System memory in use after: 211.7 MB.

Unloading 65 unused Assets to reduce memory usage. Loaded Objects now: 5349.
Total: 5.956800 ms (FindLiveObjects: 0.433200 ms CreateObjectMapping: 0.337400 ms MarkObjects: 5.064200 ms  DeleteObjects: 0.121200 ms)

AssetImportParameters requested are different than current active one (requested -> active):
  custom:framework-win-MediaFoundation: 216162199b28c13a410421893ffa2e32 -> 
  custom:video-decoder-ogg-theora: a1e56fd34408186e4bbccfd4996cb3dc -> 
  custom:container-muxer-webm: aa71ff27fc2769a1b78a27578f13a17b -> 
  custom:container-demuxer-webm: 4f35f7cbe854078d1ac9338744f61a02 -> 
  custom:container-demuxer-ogg: 62fdf1f143b41e24485cea50d1cbac27 -> 
  custom:video-encoder-webm-vp8: eb34c28f22e8b96e1ab97ce403110664 -> 
  custom:video-codec-MediaFoundation-h265: e54d7ab0439102e2317fc1e4b246158d -> 
  custom:video-decoder-webm-vp8: 9c59270c3fd7afecdb556c50c9e8de78 -> 
  custom:audio-decoder-ogg-vorbis: bf7c407c2cedff20999df2af8eb42d56 -> 
  custom:audio-encoder-webm-vorbis: bf7c407c2cedff20999df2af8eb42d56 -> 
========================================================================
Received Import Request.
  Time since last request: 2974.695524 seconds.
  path: Assets/mig21game.png
  artifactKey: Guid(c7e260dd5fa6f0248989de076fc131b6) Importer(815301076,1909f56bfc062723c751e8b465ee728b)
Start importing Assets/mig21game.png using Guid(c7e260dd5fa6f0248989de076fc131b6) Importer(815301076,1909f56bfc062723c751e8b465ee728b)  -> (artifact id: '251745e20dbd8e0929747092aa52c938') in 0.117500 seconds 
========================================================================
Received Import Request.
  Time since last request: 64.439600 seconds.
  path: Assets/PrefabInstance/MIG21.prefab
  artifactKey: Guid(b7d83c4fd181b144e9918af879d38b90) Importer(815301076,1909f56bfc062723c751e8b465ee728b)
Start importing Assets/PrefabInstance/MIG21.prefab using Guid(b7d83c4fd181b144e9918af879d38b90) Importer(815301076,1909f56bfc062723c751e8b465ee728b)  -> (artifact id: 'bade13dde95479b2c36e355bfc2d1507') in 2.269826 seconds 
========================================================================
Received Prepare
Shader 'Ethical Motion/Particles/Lit MultiLight': fallback shader 'Hidden/Ethical Motion/Particles/Lit Alpha Blend Shadow Fallback' not found
Shader 'Ethical Motion/Particles/Lit': fallback shader 'Hidden/Ethical Motion/Particles/Lit Alpha Blend Shadow Fallback' not found
Refreshing native plugins compatible for Editor in 32.24 ms, found 7 plugins.
Preloading 0 native plugins for Editor in 0.00 ms.
Unloading 58 Unused Serialized files (Serialized files now loaded: 0)
System memory in use before: 212.9 MB.
System memory in use after: 213.1 MB.

Unloading 65 unused Assets to reduce memory usage. Loaded Objects now: 5349.
Total: 9.686700 ms (FindLiveObjects: 0.431700 ms CreateObjectMapping: 0.334700 ms MarkObjects: 8.789100 ms  DeleteObjects: 0.130500 ms)

AssetImportParameters requested are different than current active one (requested -> active):
  custom:framework-win-MediaFoundation: 216162199b28c13a410421893ffa2e32 -> 
  custom:video-decoder-ogg-theora: a1e56fd34408186e4bbccfd4996cb3dc -> 
  custom:container-muxer-webm: aa71ff27fc2769a1b78a27578f13a17b -> 
  custom:container-demuxer-webm: 4f35f7cbe854078d1ac9338744f61a02 -> 
  custom:container-demuxer-ogg: 62fdf1f143b41e24485cea50d1cbac27 -> 
  custom:video-encoder-webm-vp8: eb34c28f22e8b96e1ab97ce403110664 -> 
  custom:video-codec-MediaFoundation-h265: e54d7ab0439102e2317fc1e4b246158d -> 
  custom:video-decoder-webm-vp8: 9c59270c3fd7afecdb556c50c9e8de78 -> 
  custom:audio-decoder-ogg-vorbis: bf7c407c2cedff20999df2af8eb42d56 -> 
  custom:audio-encoder-webm-vorbis: bf7c407c2cedff20999df2af8eb42d56 -> 
========================================================================
Received Import Request.
  Time since last request: 3790.743361 seconds.
  path: Assets/PrefabInstance/MIG21.prefab
  artifactKey: Guid(b7d83c4fd181b144e9918af879d38b90) Importer(815301076,1909f56bfc062723c751e8b465ee728b)
Start importing Assets/PrefabInstance/MIG21.prefab using Guid(b7d83c4fd181b144e9918af879d38b90) Importer(815301076,1909f56bfc062723c751e8b465ee728b)  -> (artifact id: 'ac4d4f76cf55b1fc91fd43e114db084a') in 4.151995 seconds 
========================================================================
Received Import Request.
  Time since last request: 12.460080 seconds.
  path: Assets/PrefabInstance/MIG21.prefab
  artifactKey: Guid(b7d83c4fd181b144e9918af879d38b90) Importer(815301076,1909f56bfc062723c751e8b465ee728b)
Start importing Assets/PrefabInstance/MIG21.prefab using Guid(b7d83c4fd181b144e9918af879d38b90) Importer(815301076,1909f56bfc062723c751e8b465ee728b)  -> (artifact id: '65051d332a8b16521d78ae81e6376555') in 2.213313 seconds 
========================================================================
Received Prepare
Shader 'Ethical Motion/Particles/Lit MultiLight': fallback shader 'Hidden/Ethical Motion/Particles/Lit Alpha Blend Shadow Fallback' not found
Shader 'Ethical Motion/Particles/Lit': fallback shader 'Hidden/Ethical Motion/Particles/Lit Alpha Blend Shadow Fallback' not found
Refreshing native plugins compatible for Editor in 29.85 ms, found 7 plugins.
Preloading 0 native plugins for Editor in 0.00 ms.
Unloading 58 Unused Serialized files (Serialized files now loaded: 0)
System memory in use before: 221.3 MB.
System memory in use after: 221.6 MB.

Unloading 65 unused Assets to reduce memory usage. Loaded Objects now: 5349.
Total: 6.860900 ms (FindLiveObjects: 0.473400 ms CreateObjectMapping: 0.396800 ms MarkObjects: 5.858100 ms  DeleteObjects: 0.131300 ms)

AssetImportParameters requested are different than current active one (requested -> active):
  custom:framework-win-MediaFoundation: 216162199b28c13a410421893ffa2e32 -> 
  custom:video-decoder-ogg-theora: a1e56fd34408186e4bbccfd4996cb3dc -> 
  custom:container-muxer-webm: aa71ff27fc2769a1b78a27578f13a17b -> 
  custom:container-demuxer-webm: 4f35f7cbe854078d1ac9338744f61a02 -> 
  custom:container-demuxer-ogg: 62fdf1f143b41e24485cea50d1cbac27 -> 
  custom:video-encoder-webm-vp8: eb34c28f22e8b96e1ab97ce403110664 -> 
  custom:video-codec-MediaFoundation-h265: e54d7ab0439102e2317fc1e4b246158d -> 
  custom:video-decoder-webm-vp8: 9c59270c3fd7afecdb556c50c9e8de78 -> 
  custom:audio-decoder-ogg-vorbis: bf7c407c2cedff20999df2af8eb42d56 -> 
  custom:audio-encoder-webm-vorbis: bf7c407c2cedff20999df2af8eb42d56 -> 
========================================================================
Received Import Request.
  Time since last request: 1051.670148 seconds.
  path: Assets/PrefabInstance/MIG21.prefab
  artifactKey: Guid(b7d83c4fd181b144e9918af879d38b90) Importer(815301076,1909f56bfc062723c751e8b465ee728b)
Start importing Assets/PrefabInstance/MIG21.prefab using Guid(b7d83c4fd181b144e9918af879d38b90) Importer(815301076,1909f56bfc062723c751e8b465ee728b)  -> (artifact id: '1bb182e09313dd83dcbd1918a419e66a') in 2.458680 seconds 
========================================================================
Received Prepare
Shader 'Ethical Motion/Particles/Lit MultiLight': fallback shader 'Hidden/Ethical Motion/Particles/Lit Alpha Blend Shadow Fallback' not found
Shader 'Ethical Motion/Particles/Lit': fallback shader 'Hidden/Ethical Motion/Particles/Lit Alpha Blend Shadow Fallback' not found
Refreshing native plugins compatible for Editor in 28.64 ms, found 7 plugins.
Preloading 0 native plugins for Editor in 0.00 ms.
Unloading 58 Unused Serialized files (Serialized files now loaded: 0)
System memory in use before: 222.7 MB.
System memory in use after: 223.0 MB.

Unloading 65 unused Assets to reduce memory usage. Loaded Objects now: 5349.
Total: 6.896800 ms (FindLiveObjects: 0.454100 ms CreateObjectMapping: 0.319800 ms MarkObjects: 5.793700 ms  DeleteObjects: 0.328100 ms)

AssetImportParameters requested are different than current active one (requested -> active):
  custom:framework-win-MediaFoundation: 216162199b28c13a410421893ffa2e32 -> 
  custom:video-decoder-ogg-theora: a1e56fd34408186e4bbccfd4996cb3dc -> 
  custom:container-muxer-webm: aa71ff27fc2769a1b78a27578f13a17b -> 
  custom:container-demuxer-webm: 4f35f7cbe854078d1ac9338744f61a02 -> 
  custom:container-demuxer-ogg: 62fdf1f143b41e24485cea50d1cbac27 -> 
  custom:video-encoder-webm-vp8: eb34c28f22e8b96e1ab97ce403110664 -> 
  custom:video-codec-MediaFoundation-h265: e54d7ab0439102e2317fc1e4b246158d -> 
  custom:video-decoder-webm-vp8: 9c59270c3fd7afecdb556c50c9e8de78 -> 
  custom:audio-decoder-ogg-vorbis: bf7c407c2cedff20999df2af8eb42d56 -> 
  custom:audio-encoder-webm-vorbis: bf7c407c2cedff20999df2af8eb42d56 -> 
========================================================================
Received Prepare
Shader 'Ethical Motion/Particles/Lit MultiLight': fallback shader 'Hidden/Ethical Motion/Particles/Lit Alpha Blend Shadow Fallback' not found
Shader 'Ethical Motion/Particles/Lit': fallback shader 'Hidden/Ethical Motion/Particles/Lit Alpha Blend Shadow Fallback' not found
Refreshing native plugins compatible for Editor in 34.39 ms, found 7 plugins.
Preloading 0 native plugins for Editor in 0.00 ms.
Unloading 58 Unused Serialized files (Serialized files now loaded: 0)
System memory in use before: 222.7 MB.
System memory in use after: 223.0 MB.

Unloading 58 unused Assets to reduce memory usage. Loaded Objects now: 5349.
Total: 7.549500 ms (FindLiveObjects: 0.496700 ms CreateObjectMapping: 0.400400 ms MarkObjects: 6.543600 ms  DeleteObjects: 0.107600 ms)

AssetImportParameters requested are different than current active one (requested -> active):
  custom:framework-win-MediaFoundation: 216162199b28c13a410421893ffa2e32 -> 
  custom:video-decoder-ogg-theora: a1e56fd34408186e4bbccfd4996cb3dc -> 
  custom:container-muxer-webm: aa71ff27fc2769a1b78a27578f13a17b -> 
  custom:container-demuxer-webm: 4f35f7cbe854078d1ac9338744f61a02 -> 
  custom:container-demuxer-ogg: 62fdf1f143b41e24485cea50d1cbac27 -> 
  custom:video-encoder-webm-vp8: eb34c28f22e8b96e1ab97ce403110664 -> 
  custom:video-codec-MediaFoundation-h265: e54d7ab0439102e2317fc1e4b246158d -> 
  custom:video-decoder-webm-vp8: 9c59270c3fd7afecdb556c50c9e8de78 -> 
  custom:audio-decoder-ogg-vorbis: bf7c407c2cedff20999df2af8eb42d56 -> 
  custom:audio-encoder-webm-vorbis: bf7c407c2cedff20999df2af8eb42d56 -> 
AssetImportWorkerClient::OnTransportError - code=2 error=End of file
